<br><h3>ELO-Dopple-node\node-non-dopple</h3>

<br><strong>To Do:</strong><br>
• <strike>Change name of app.post("/node-dopple-main", function() so that it doesn't have same name as EJS file.</strike><br> DONE 7-23-2020
• <strike>User playersArray objects for pretty much everything.</strike> DONE 7-23-2020
• <strike>Use playerArray[0].lockPlayer to set checkbox state instead of other stuff. // get rid of lockPlayerCheckBox = true; </strike> DONE 7-23-2020
• <strike>Fix EJS files since variables fixed.</strike> DONE.
• <strike>See if I can move form logic from other functions to main / (like if(Number(req.body.lockPlayer) === 1){ lockPlayerCheckBox = true;)</strike> DONE 7-23-2020 (You can't much).
• <strike>remove toString() around line 110.</strike> DONE 7-23-2020
• <strike>Eliminate duplicate form logic and logic in player selection.</strike> DONE 7-23-2020
• <strike>Do I still need newPlayers[5]?</strike> DONE 7-23-2020
• <strike>make reset work even if players not numerical. </strike> DONE 7-23-2020
• <strike>make player selection work even if filenames not numerical.</strike> DONE 7-23-2020
• <strike>See if it's possible to eliminate form logic altogether.</strike> DONE 7-23-2020
• <strike>See if newPlayers[6][1] needed anymore.</strike> DONE 7-22-2020
• <strike>newPlayers[7] cleanup & lockPlayerCheckBox.</strike> DONE 7-22-2020
• <strike>clean up playerArray[0].winner.toString() === playerOne statements to see if players same.</strike> DONE 7-22-2020
• <strike>get last player info from playerArray[0].winner/loser.</strike> DONE 7-22-2020
• <strike>Make form retain locked player state.</strike><br>
• <strike>Make it so anything locking or getting the last round's players, gets the last players from same hidden form element.<br></strike>
• <strike>Change lines 151-170 so it doesn't use same variable checkbox is setting, and then change EJS file to reflect that (make form display checked checkbox if playerArray[0].lockPlayer = 1).</strike> DONE.<br>
• <strike>Change meaning of buttons and their labels, since they mean different things now</strike>. DONE.
• <strike>Make hidden field for second player.</strike><br> DONE.
• <strike>Make non-dopple version.</strike><br> DONE.
